{"/Users/farazshaikh/Desktop/TemplateExpo/src/query/queryClient.ts": {"path":"/Users/farazshaikh/Desktop/TemplateExpo/src/query/queryClient.ts","statementMap":{"0":{"start":{"line":3,"column":27},"end":{"line":14,"column":2}}},"fnMap":{},"branchMap":{},"s":{"0":1},"f":{},"b":{},"_coverageSchema":"1a1c01bbd47fc00a2c39e90264f33305004495a9","hash":"aea6633c9ddd575fd11bd0fcf2980ebee01e7e92"}
,"/Users/farazshaikh/Desktop/TemplateExpo/src/theme/AppColors.ts": {"path":"/Users/farazshaikh/Desktop/TemplateExpo/src/theme/AppColors.ts","statementMap":{"0":{"start":{"line":24,"column":38},"end":{"line":45,"column":1}},"1":{"start":{"line":47,"column":37},"end":{"line":68,"column":1}}},"fnMap":{},"branchMap":{},"s":{"0":1,"1":1},"f":{},"b":{},"_coverageSchema":"1a1c01bbd47fc00a2c39e90264f33305004495a9","hash":"75e2727afd9bb8643c16e7e9c49bbbd9b26cba80"}
,"/Users/farazshaikh/Desktop/TemplateExpo/src/third-party/i18n/getDeviceLanguageTag.ts": {"path":"/Users/farazshaikh/Desktop/TemplateExpo/src/third-party/i18n/getDeviceLanguageTag.ts","statementMap":{"0":{"start":{"line":4,"column":15},"end":{"line":4,"column":27}},"1":{"start":{"line":5,"column":2},"end":{"line":5,"column":38}}},"fnMap":{"0":{"name":"getDeviceLanguageTag","decl":{"start":{"line":3,"column":16},"end":{"line":3,"column":36}},"loc":{"start":{"line":3,"column":47},"end":{"line":6,"column":1}},"line":3}},"branchMap":{"0":{"loc":{"start":{"line":5,"column":9},"end":{"line":5,"column":37}},"type":"binary-expr","locations":[{"start":{"line":5,"column":9},"end":{"line":5,"column":29}},{"start":{"line":5,"column":33},"end":{"line":5,"column":37}}],"line":5}},"s":{"0":1,"1":1},"f":{"0":1},"b":{"0":[1,0]},"_coverageSchema":"1a1c01bbd47fc00a2c39e90264f33305004495a9","hash":"25033059becfc5275d43f300b3b0d6a316babe2e"}
,"/Users/farazshaikh/Desktop/TemplateExpo/src/third-party/i18n/i18n.ts": {"path":"/Users/farazshaikh/Desktop/TemplateExpo/src/third-party/i18n/i18n.ts","statementMap":{"0":{"start":{"line":11,"column":0},"end":{"line":23,"column":3}},"1":{"start":{"line":25,"column":0},"end":{"line":25,"column":40}}},"fnMap":{},"branchMap":{},"s":{"0":1,"1":1},"f":{},"b":{},"_coverageSchema":"1a1c01bbd47fc00a2c39e90264f33305004495a9","hash":"2ac33b43c54ca7fedb96551fb8ac70fc1bc9ca24"}
}
